<?xml version="1.0" encoding="UTF-8"?>
<!-- Generated by org.testng.reporters.JUnitReportReporter -->
<testsuite hostname="DESKTOP-FHQ2NT0" failures="0" tests="3" name="parallelTesting.Test2" time="0.005" errors="0" timestamp="2025-01-13T11:46:13 GMT+12:00" skipped="0">
  <testcase classname="parallelTesting.Test2" name="testMethod5" time="0.002"/>
  <testcase classname="parallelTesting.Test2" name="testMethod7" time="0.002"/>
  <testcase classname="parallelTesting.Test2" name="testMethod6" time="0.001"/>
</testsuite> <!-- parallelTesting.Test2 -->
