<?xml version="1.0" encoding="UTF-8"?>
<!-- Generated by org.testng.reporters.JUnitReportReporter -->
<testsuite hostname="DESKTOP-FHQ2NT0" failures="0" tests="2" name="com.testNG.AnnotationsTest" time="0.011" errors="0" timestamp="2025-01-13T11:41:06 GMT+12:00" skipped="0">
  <testcase classname="com.testNG.AnnotationsTest" name="testmethod1" time="0.006"/>
  <testcase classname="com.testNG.AnnotationsTest" name="testmethod2" time="0.005"/>
</testsuite> <!-- com.testNG.AnnotationsTest -->
