<?xml version="1.0" encoding="UTF-8"?>
<!-- Generated by org.testng.reporters.JUnitReportReporter -->
<testsuite hostname="DESKTOP-L3CSR6U" failures="0" tests="2" name="com.demotest.NewTest" time="0.072" errors="0" timestamp="2025-06-30T13:55:03 IST" skipped="0">
  <testcase classname="com.demotest.NewTest" name="test2" time="0.068"/>
  <testcase classname="com.demotest.NewTest" name="test3" time="0.004"/>
</testsuite> <!-- com.demotest.NewTest -->
