<?xml version="1.0" encoding="UTF-8"?>
<!-- Generated by org.testng.reporters.JUnitReportReporter -->
<testsuite hostname="DESKTOP-L3CSR6U" failures="0" tests="2" name="com.testNG.AnnotationsTest" time="0.017" errors="0" timestamp="2025-06-30T13:56:43 IST" skipped="0">
  <testcase classname="com.testNG.AnnotationsTest" name="testmethod1" time="0.013"/>
  <testcase classname="com.testNG.AnnotationsTest" name="testmethod2" time="0.004"/>
</testsuite> <!-- com.testNG.AnnotationsTest -->
