<?xml version="1.0" encoding="UTF-8"?>
<!-- Generated by org.testng.reporters.JUnitReportReporter -->
<testsuite hostname="DESKTOP-FHQ2NT0" failures="0" tests="2" name="com.demotest.NewTest" time="0.013" errors="0" timestamp="2024-12-30T19:31:00 GMT+12:00" skipped="0">
  <testcase classname="com.demotest.NewTest" name="test3" time="0.001"/>
  <testcase classname="com.demotest.NewTest" name="test2" time="0.012"/>
</testsuite> <!-- com.demotest.NewTest -->
