<?xml version="1.0" encoding="UTF-8"?>
<!-- Generated by org.testng.reporters.JUnitReportReporter -->
<testsuite hostname="DESKTOP-FHQ2NT0" failures="0" tests="1" name="grouping.NewTest2" time="0.001" errors="0" timestamp="2025-01-12T08:43:40 GMT+12:00" skipped="0">
  <testcase classname="grouping.NewTest2" name="test4" time="0.001"/>
</testsuite> <!-- grouping.NewTest2 -->
