<?xml version="1.0" encoding="UTF-8"?>
<!-- Generated by org.testng.reporters.JUnitReportReporter -->
<testsuite hostname="DESKTOP-FHQ2NT0" failures="0" tests="2" name="dataProvider.BasicTest" time="63.258" errors="0" timestamp="2025-01-13T11:44:01 GMT+12:00" skipped="0">
  <testcase classname="dataProvider.BasicTest" name="TestLogin" time="32.158"/>
  <testcase classname="dataProvider.BasicTest" name="TestLogin" time="31.100"/>
</testsuite> <!-- dataProvider.BasicTest -->
