<?xml version="1.0" encoding="UTF-8"?>
<!-- Generated by org.testng.reporters.JUnitReportReporter -->
<testsuite hostname="DESKTOP-L3CSR6U" failures="0" tests="4" name="parallelTesting.Test1" time="0.034" errors="0" timestamp="2025-06-30T14:30:50 IST" skipped="0">
  <testcase classname="parallelTesting.Test1" name="testMethod2" time="0.014"/>
  <testcase classname="parallelTesting.Test1" name="testMethod4" time="0.003"/>
  <testcase classname="parallelTesting.Test1" name="testMethod3" time="0.003"/>
  <testcase classname="parallelTesting.Test1" name="testMethod1" time="0.014"/>
</testsuite> <!-- parallelTesting.Test1 -->
