<?xml version="1.0" encoding="UTF-8"?>
<!-- Generated by org.testng.reporters.JUnitReportReporter -->
<testsuite hostname="DESKTOP-L3CSR6U" failures="0" tests="4" name="parallelTesting.Test3" time="0.011" errors="0" timestamp="2025-06-30T14:30:50 IST" skipped="0">
  <testcase classname="parallelTesting.Test3" name="testMethod11" time="0.002"/>
  <testcase classname="parallelTesting.Test3" name="testMethod8" time="0.003"/>
  <testcase classname="parallelTesting.Test3" name="testMethod10" time="0.002"/>
  <testcase classname="parallelTesting.Test3" name="testMethod9" time="0.004"/>
</testsuite> <!-- parallelTesting.Test3 -->
