<?xml version="1.0" encoding="UTF-8"?>
<!-- Generated by org.testng.reporters.JUnitReportReporter -->
<testsuite hostname="DESKTOP-FHQ2NT0" failures="0" tests="1" name="LogInTest" time="2.386" errors="0" timestamp="2025-01-21T18:42:09 GMT+12:00" skipped="0">
  <testcase classname="LogInTest" name="testLogin" time="2.386"/>
</testsuite> <!-- LogInTest -->
