<?xml version="1.0" encoding="UTF-8"?>
<!-- Generated by org.testng.reporters.JUnitReportReporter -->
<testsuite hostname="DESKTOP-FHQ2NT0" failures="0" tests="1" name="testPOM.LogInTest" time="4.175" errors="0" timestamp="2025-01-22T13:53:12 GMT+12:00" skipped="0">
  <testcase classname="testPOM.LogInTest" name="testLogin" time="4.175"/>
</testsuite> <!-- testPOM.LogInTest -->
