<?xml version="1.0" encoding="UTF-8"?>
<!-- Generated by org.testng.reporters.JUnitReportReporter -->
<testsuite hostname="DESKTOP-FHQ2NT0" failures="0" tests="1" name="practice.TestCookies" time="1.883" errors="0" timestamp="2025-01-10T08:47:59 GMT+12:00" skipped="0">
  <testcase classname="practice.TestCookies" name="testCookie" time="1.883"/>
</testsuite> <!-- practice.TestCookies -->
