<?xml version="1.0" encoding="UTF-8"?>
<!-- Generated by org.testng.reporters.JUnitReportReporter -->
<testsuite hostname="DESKTOP-FHQ2NT0" failures="0" tests="1" name="practice.PathAndQueryParameters" time="2.568" errors="0" timestamp="2025-01-10T08:39:39 GMT+12:00" skipped="0">
  <testcase classname="practice.PathAndQueryParameters" name="testQueryAndPathParameters" time="2.568"/>
</testsuite> <!-- practice.PathAndQueryParameters -->
