<?xml version="1.0" encoding="UTF-8"?>
<!-- Generated by org.testng.reporters.JUnitReportReporter -->
<testsuite hostname="DESKTOP-FHQ2NT0" failures="0" tests="1" name="day7.Authentications" time="4.870" errors="0" timestamp="2025-01-03T07:14:45 GMT+12:00" skipped="0">
  <testcase classname="day7.Authentications" name="testBasicAuthentication" time="4.870"/>
</testsuite> <!-- day7.Authentications -->
