<?xml version="1.0" encoding="UTF-8"?>
<!-- Generated by org.testng.reporters.JUnitReportReporter -->
<testsuite hostname="DESKTOP-FHQ2NT0" failures="0" tests="3" name="practice.DiffWaysToCreateData" time="1.663" errors="0" timestamp="2025-01-10T07:34:57 GMT+12:00" skipped="2">
  <testcase classname="practice.DiffWaysToCreateData" name="usingOrgJson" time="1.663"/>
  <testcase classname="practice.DiffWaysToCreateData" name="deleteData">
    <skipped/>
  </testcase> <!-- deleteData -->
  <testcase classname="practice.DiffWaysToCreateData" name="usingHashMap">
    <skipped/>
  </testcase> <!-- usingHashMap -->
</testsuite> <!-- practice.DiffWaysToCreateData -->
