<?xml version="1.0" encoding="UTF-8"?>
<!-- Generated by org.testng.reporters.JUnitReportReporter -->
<testsuite hostname="DESKTOP-FHQ2NT0" failures="0" tests="1" name="practice.TestBooksAPI" time="4.824" errors="0" timestamp="2025-01-21T19:44:25 GMT+12:00" skipped="0">
  <testcase classname="practice.TestBooksAPI" name="test" time="4.824"/>
</testsuite> <!-- practice.TestBooksAPI -->
