<?xml version="1.0" encoding="UTF-8"?>
<!-- Generated by org.testng.reporters.JUnitReportReporter -->
<testsuite hostname="DESKTOP-FHQ2NT0" failures="0" tests="4" name="practice.HTTPRequest" time="3.377" errors="0" timestamp="2025-01-10T06:39:53 GMT+12:00" skipped="1">
  <testcase classname="practice.HTTPRequest" name="createUser" time="2.432"/>
  <testcase classname="practice.HTTPRequest" name="updateUser" time="0.508"/>
  <testcase classname="practice.HTTPRequest" name="deleteUser" time="0.437"/>
  <testcase classname="practice.HTTPRequest" name="getUsers">
    <skipped/>
  </testcase> <!-- getUsers -->
</testsuite> <!-- practice.HTTPRequest -->
