<?xml version="1.0" encoding="UTF-8"?>
<!-- Generated by org.testng.reporters.JUnitReportReporter -->
<testsuite hostname="DESKTOP-FHQ2NT0" failures="0" tests="3" name="day4.ParsingJsonRespnseData" time="2.689" errors="0" timestamp="2025-01-03T09:59:14 GMT+12:00" skipped="2">
  <testcase classname="day4.ParsingJsonRespnseData" name="testParticularObject" time="2.689"/>
  <testcase classname="day4.ParsingJsonRespnseData" name="testWithAssertion">
    <skipped/>
  </testcase> <!-- testWithAssertion -->
  <testcase classname="day4.ParsingJsonRespnseData" name="testJsonResponse">
    <skipped/>
  </testcase> <!-- testJsonResponse -->
</testsuite> <!-- day4.ParsingJsonRespnseData -->
