<?xml version="1.0" encoding="UTF-8"?>
<!-- Generated by org.testng.reporters.JUnitReportReporter -->
<testsuite hostname="DESKTOP-L3CSR6U" failures="0" tests="1" name="day1.HTTPRequest" time="4.187" errors="0" timestamp="2025-05-22T08:29:11 IST" skipped="0">
  <testcase classname="day1.HTTPRequest" name="getUsers" time="4.187"/>
</testsuite> <!-- day1.HTTPRequest -->
